<!DOCTYPE catalog PUBLIC "-//OASIS//DTD XML Catalogs V1.0//EN" "catalog.dtd">

<catalog xmlns="urn:oasis:names:tc:entity:xmlns:xml:catalog" prefer="public" xml:base="./">
    <nextCatalog catalog="./test-catalog.xml"/>
    <nextCatalog catalog="./test-catalog-no-namespace.xml"/>
</catalog>

